Model: KNN - neighbours: 3 - standardize: False
Test set
acc@1: 0.006753376688344172 - acc@5: 0.030348507587126896 - acc@10: 0.05202601300650325 - prec: 0.005810488700108284 - rec: 0.007920626980156746 - fscore: 0.006123910836749628
Test set degrated
acc@1: 0.007086876771719193 - acc@5: 0.028597632149408036 - acc@10: 0.05019176254794064 - prec: 0.006313902858592841 - rec: 0.007170251792562948 - fscore: 0.005995804484245314


Model: KNN - neighbours: 11 - standardize: False
Test set
acc@1: 0.007920626980156746 - acc@5: 0.03284975821243955 - acc@10: 0.0662831415707854 - prec: 0.007970612435931227 - rec: 0.008837752209438053 - fscore: 0.006168879861163177
Test set degrated
acc@1: 0.00767050191762548 - acc@5: 0.030765382691345673 - acc@10: 0.06453226613306653 - prec: 0.008106705840257963 - rec: 0.008754377188594297 - fscore: 0.006265974317587536


Model: KNN - neighbours: 21 - standardize: False
Test set
acc@1: 0.009421377355344339 - acc@5: 0.03560113390028347 - acc@10: 0.0649491412372853 - prec: 0.010634882188306561 - rec: 0.011172252793063199 - fscore: 0.009316534180400033
Test set degrated
acc@1: 0.008921127230281808 - acc@5: 0.03385025846256461 - acc@10: 0.06269801567450392 - prec: 0.007400670220409342 - rec: 0.008837752209438053 - fscore: 0.00712569944757644


Model: KNN - neighbours: 51 - standardize: False
Test set
acc@1: 0.01025512756378189 - acc@5: 0.0415207603801901 - acc@10: 0.07311989327997331 - prec: 0.011093785900648953 - rec: 0.011339002834750709 - fscore: 0.009448680082298036
Test set degrated
acc@1: 0.00992162748040687 - acc@5: 0.04035351008837752 - acc@10: 0.07311989327997331 - prec: 0.015269157515425347 - rec: 0.011422377855594464 - fscore: 0.00955892197289191


Model: KNN - neighbours: 3 - standardize: True
Test set
acc@1: 0.006836751709187927 - acc@5: 0.03009838252459563 - acc@10: 0.051859262964815744 - prec: 0.007410058058132044 - rec: 0.008754377188594297 - fscore: 0.006881367754877679
Test set degrated
acc@1: 0.006920126730031682 - acc@5: 0.028847757211939305 - acc@10: 0.05052526263131566 - prec: 0.008622626259109333 - rec: 0.008170752042688011 - fscore: 0.006732904497210135


Model: KNN - neighbours: 11 - standardize: True
Test set
acc@1: 0.008837752209438053 - acc@5: 0.03309988327497082 - acc@10: 0.06811739202934801 - prec: 0.013126344105876724 - rec: 0.009421377355344339 - fscore: 0.0072580194239628675
Test set degrated
acc@1: 0.008837752209438053 - acc@5: 0.03309988327497082 - acc@10: 0.06753376688344172 - prec: 0.00921929098614294 - rec: 0.009504752376188095 - fscore: 0.0069730069303026955


Model: KNN - neighbours: 21 - standardize: True
Test set
acc@1: 0.009588127397031848 - acc@5: 0.03451725862931466 - acc@10: 0.06603301650825413 - prec: 0.010095789852109077 - rec: 0.009504752376188095 - fscore: 0.008123443640482892
Test set degrated
acc@1: 0.01025512756378189 - acc@5: 0.03309988327497082 - acc@10: 0.06261464065366017 - prec: 0.008290042515358725 - rec: 0.009421377355344339 - fscore: 0.007686553266166868


Model: KNN - neighbours: 51 - standardize: True
Test set
acc@1: 0.010171752542938136 - acc@5: 0.04477238619309655 - acc@10: 0.07345339336334834 - prec: 0.011330279561589962 - rec: 0.012756378189094548 - fscore: 0.010195179829797226
Test set degrated
acc@1: 0.009588127397031848 - acc@5: 0.04252126063031516 - acc@10: 0.07228614307153577 - prec: 0.008962168248838952 - rec: 0.010421877605469402 - fscore: 0.00818742065154351


