Model: KNN - neighbours: 3 - standardize: False
Test set
acc@1: 0.01167250291812573 - acc@5: 0.04302151075537769 - acc@10: 0.06411539102884775 - prec: 0.012835338168677185 - rec: 0.013089878272469569 - fscore: 0.010687142902499391
Test set degrated
acc@1: 0.009588127397031848 - acc@5: 0.03751875937968985 - acc@10: 0.058779389694847424 - prec: 0.0119539245861407 - rec: 0.011422377855594464 - fscore: 0.009283138599073312


Model: KNN - neighbours: 11 - standardize: False
Test set
acc@1: 0.012422878105719527 - acc@5: 0.0472736368184092 - acc@10: 0.09204602301150576 - prec: 0.014981169225351037 - rec: 0.01183925295981324 - fscore: 0.009537432916112594
Test set degrated
acc@1: 0.011755877938969485 - acc@5: 0.0407703851925963 - acc@10: 0.08104052026013006 - prec: 0.01431172667323157 - rec: 0.010755377688844422 - fscore: 0.008646168912829188


Model: KNN - neighbours: 21 - standardize: False
Test set
acc@1: 0.01375687843921961 - acc@5: 0.0456061364015341 - acc@10: 0.08420877105219277 - prec: 0.01243860204256451 - rec: 0.012339503084875771 - fscore: 0.01023208458196908
Test set degrated
acc@1: 0.012339503084875771 - acc@5: 0.041187260296815076 - acc@10: 0.0742871435717859 - prec: 0.012174609889015165 - rec: 0.011922627980656995 - fscore: 0.009941662358280777


Model: KNN - neighbours: 51 - standardize: False
Test set
acc@1: 0.013506753376688344 - acc@5: 0.05552776388194097 - acc@10: 0.09112889778222445 - prec: 0.0161897184637832 - rec: 0.01567450391862598 - fscore: 0.012077996445953223
Test set degrated
acc@1: 0.012589628147407037 - acc@5: 0.048107387026846755 - acc@10: 0.08012339503084875 - prec: 0.015364161720593055 - rec: 0.01392362848090712 - fscore: 0.011667650624178481


Model: KNN - neighbours: 3 - standardize: True
Test set
acc@1: 0.014423878605969652 - acc@5: 0.046356511589127895 - acc@10: 0.06745039186259796 - prec: 0.015739552552225058 - rec: 0.01584125396031349 - fscore: 0.012977854389417922
Test set degrated
acc@1: 0.011255627813906953 - acc@5: 0.039436384859096216 - acc@10: 0.06111389027847257 - prec: 0.0172865982380801 - rec: 0.012839753209938302 - fscore: 0.01018936039564259


Model: KNN - neighbours: 11 - standardize: True
Test set
acc@1: 0.015591128897782225 - acc@5: 0.05269301317325329 - acc@10: 0.10263465065866266 - prec: 0.02258780340165186 - rec: 0.016508254127063533 - fscore: 0.014024193901607463
Test set degrated
acc@1: 0.012756378189094548 - acc@5: 0.04568951142237786 - acc@10: 0.08862764715691179 - prec: 0.018659858748346095 - rec: 0.013840253460063364 - fscore: 0.011307794425700993


Model: KNN - neighbours: 21 - standardize: True
Test set
acc@1: 0.017592129398032348 - acc@5: 0.0567783891945973 - acc@10: 0.096048024012006 - prec: 0.021508860299339096 - rec: 0.016841754210438552 - fscore: 0.015082729398595483
Test set degrated
acc@1: 0.014507253626813406 - acc@5: 0.05027513756878439 - acc@10: 0.08687677171919293 - prec: 0.02057058772009015 - rec: 0.01375687843921961 - fscore: 0.01223649321765698


Model: KNN - neighbours: 51 - standardize: True
Test set
acc@1: 0.01900950475237619 - acc@5: 0.06820076705019176 - acc@10: 0.10947140236785059 - prec: 0.022423882614728337 - rec: 0.019593129898282474 - fscore: 0.015773267236277973
Test set degrated
acc@1: 0.015507753876938469 - acc@5: 0.05719526429881607 - acc@10: 0.09621477405369351 - prec: 0.0261016107351042 - rec: 0.01584125396031349 - fscore: 0.012994285617784465


