Model: KNN - neighbours: 3 - standardize: False
Test set
acc@1: 0.006419876604969151 - acc@5: 0.026680006670001668 - acc@10: 0.04769051192262798 - prec: 0.006664945346145457 - rec: 0.006920126730031682 - fscore: 0.005689952374190868
Test set degrated
acc@1: 0.005502751375687844 - acc@5: 0.024428881107220277 - acc@10: 0.04502251125562781 - prec: 0.004561993042168006 - rec: 0.00608637652159413 - fscore: 0.004671436112564102


Model: KNN - neighbours: 11 - standardize: False
Test set
acc@1: 0.00575287643821911 - acc@5: 0.028430882107720528 - acc@10: 0.05944638986159746 - prec: 0.0051934902814881004 - rec: 0.007170251792562948 - fscore: 0.004661735734523695
Test set degrated
acc@1: 0.005336001334000333 - acc@5: 0.025346006336501584 - acc@10: 0.0536101384025346 - prec: 0.006906424700696962 - rec: 0.006753376688344172 - fscore: 0.004271509683320091


Model: KNN - neighbours: 21 - standardize: False
Test set
acc@1: 0.008170752042688011 - acc@5: 0.02834750708687677 - acc@10: 0.05611138902784726 - prec: 0.007361320354385149 - rec: 0.007170251792562948 - fscore: 0.0062722888777011696
Test set degrated
acc@1: 0.0077538769384692344 - acc@5: 0.02576288144072036 - acc@10: 0.05135901283975321 - prec: 0.007763148822547456 - rec: 0.00783725195931299 - fscore: 0.006271692227685741


Model: KNN - neighbours: 51 - standardize: False
Test set
acc@1: 0.0074203768550942135 - acc@5: 0.035184258796064696 - acc@10: 0.06186426546606637 - prec: 0.006898903400223636 - rec: 0.007170251792562948 - fscore: 0.005830223075290567
Test set degrated
acc@1: 0.0074203768550942135 - acc@5: 0.03184925796231449 - acc@10: 0.0584458896114724 - prec: 0.005570626816522363 - rec: 0.007170251792562948 - fscore: 0.00526235459797582


Model: KNN - neighbours: 3 - standardize: True
Test set
acc@1: 0.005419376354844089 - acc@5: 0.026513256628314157 - acc@10: 0.04769051192262798 - prec: 0.006205889129163987 - rec: 0.007337001834250459 - fscore: 0.005835474507207108
Test set degrated
acc@1: 0.005169251292312823 - acc@5: 0.025429381357345338 - acc@10: 0.046106386526596634 - prec: 0.004355557006715006 - rec: 0.005502751375687844 - fscore: 0.004136155819213542


Model: KNN - neighbours: 11 - standardize: True
Test set
acc@1: 0.00591962647990662 - acc@5: 0.029848257462064366 - acc@10: 0.06019676504919126 - prec: 0.0070913416844386595 - rec: 0.007587126896781724 - fscore: 0.005305544143477088
Test set degrated
acc@1: 0.005502751375687844 - acc@5: 0.027430381857595464 - acc@10: 0.054110388527597135 - prec: 0.007230188138533418 - rec: 0.006836751709187927 - fscore: 0.004864085731332513


Model: KNN - neighbours: 21 - standardize: True
Test set
acc@1: 0.007003501750875438 - acc@5: 0.029514757378689346 - acc@10: 0.058029014507253625 - prec: 0.0066201746584399835 - rec: 0.006836751709187927 - fscore: 0.00571245916200369
Test set degrated
acc@1: 0.006169751542437886 - acc@5: 0.027096881774220444 - acc@10: 0.05369351342337836 - prec: 0.007531488616748123 - rec: 0.007253626813406703 - fscore: 0.0059978664603709975


Model: KNN - neighbours: 51 - standardize: True
Test set
acc@1: 0.007253626813406703 - acc@5: 0.036434884108721026 - acc@10: 0.06386526596631649 - prec: 0.00767157059698821 - rec: 0.008254127063531767 - fscore: 0.006470361101822689
Test set degrated
acc@1: 0.006753376688344172 - acc@5: 0.031932632983158245 - acc@10: 0.05986326496581624 - prec: 0.00874451587640513 - rec: 0.0077538769384692344 - fscore: 0.00673804249037931


